#1 [internal] load build definition from Dockerfile.ros.foxy.ubuntu18
#1 transferring dockerfile: 11.05kB done
#1 WARN: Empty continuation line found in: RUN source ${ROS_ENVIRONMENT} &&     export ROS_PACKAGE_PATH=${AMENT_PREFIX_PATH} &&     cd ${ROS_ROOT} &&     mkdir -p src/slam &&     rosinstall_generator rtabmap_ros --deps --exclude RPP --rosdistro ${ROS_DISTRO} 	> ros2.${ROS_DISTRO}.rtabmap.rosinstall &&     cat ros2.${ROS_DISTRO}.rtabmap.rosinstall &&     vcs import src/slam < ros2.${ROS_DISTRO}.rtabmap.rosinstall
#1 DONE 0.0s

#2 [internal] load .dockerignore
#2 transferring context: 2B done
#2 DONE 0.0s

#3 [internal] load metadata for docker.io/dustynv/ros:foxy-ros-base-l4t-r32.7.1
#3 DONE 0.0s

#4 [internal] load metadata for nvcr.io/nvidia/l4t-cuda:10.2.460-runtime
#4 DONE 0.2s

#5 [stage-0  1/24] FROM docker.io/dustynv/ros:foxy-ros-base-l4t-r32.7.1
#5 DONE 0.0s

#6 FROM nvcr.io/nvidia/l4t-cuda:10.2.460-runtime@sha256:e44beb69c6ed445f941d95d50f19ad50f84e9a4acc52d164a9d3d5e9459d6261
#6 resolve nvcr.io/nvidia/l4t-cuda:10.2.460-runtime@sha256:e44beb69c6ed445f941d95d50f19ad50f84e9a4acc52d164a9d3d5e9459d6261 done
#6 DONE 0.0s

#7 [stage-0  6/24] RUN wget -qO - https://apt.kitware.com/keys/kitware-archive-latest.asc | apt-key add - &&     apt-add-repository 'deb https://apt.kitware.com/ubuntu/ bionic main' &&     apt-get update &&     apt-get install -y --only-upgrade --no-install-recommends             cmake     && rm -rf /var/lib/apt/lists/*     && apt-get clean     && cmake --version
#7 CACHED

#8 [stage-0 14/24] RUN apt-get update && apt-get install vim -y
#8 CACHED

#9 [stage-0 16/24] RUN git clone https://github.com/introlab/rtabmap.git /opt/rtabmap &&     cd /opt/rtabmap/build && 	cmake -DBUILD_EXAMPLES=OFF .. &&     make -j$(nproc) &&     make install
#9 CACHED

#10 [stage-0  9/24] RUN apt-get update &&     apt-get install -y --no-install-recommends 		  libpcl-dev 		  libpython3-dev 		  python3-dev 		  libsuitesparse-dev     && rm -rf /var/lib/apt/lists/*     && apt-get clean
#10 CACHED

#11 [stage-0 11/24] RUN git clone https://github.com/ethz-asl/libnabo /tmp/libnabo &&     cd /tmp/libnabo &&     mkdir build &&     cd build &&     cmake .. &&     make -j$(nproc) &&     make install &&     rm -rf /tmp/libnabo
#11 CACHED

#12 [stage-0 17/24] RUN source /opt/ros/foxy/install/setup.bash &&     export ROS_PACKAGE_PATH=${AMENT_PREFIX_PATH} &&     cd /opt/ros/foxy &&     mkdir -p src/slam &&     rosinstall_generator rtabmap_ros --deps --exclude RPP --rosdistro foxy 	> ros2.foxy.rtabmap.rosinstall &&     cat ros2.foxy.rtabmap.rosinstall &&     vcs import src/slam < ros2.foxy.rtabmap.rosinstall
#12 CACHED

#13 [stage-0  5/24] RUN apt-get update &&     apt-get install -y --no-install-recommends 		  software-properties-common 		  apt-transport-https 		  ca-certificates 		  gnupg     && rm -rf /var/lib/apt/lists/*     && apt-get clean
#13 CACHED

#14 [stage-0 12/24] RUN git clone https://github.com/ethz-asl/libpointmatcher /tmp/libpointmatcher &&     cd /tmp/libpointmatcher &&     mkdir build &&     cd build &&     cmake .. &&     make -j$(nproc) &&     make install &&     rm -rf /tmp/libpointmatcher
#14 CACHED

#15 [stage-0 13/24] RUN apt-get update &&     apt-get install -y --no-install-recommends     libyaml-cpp-dev     && rm -rf /var/lib/apt/lists/*     && apt-get clean
#15 CACHED

#16 [stage-0  7/24] RUN apt-get update &&     apt-get install -y --no-install-recommends             ffmpeg             libglew-dev 		  libboost-all-dev 		  libboost-system-dev 		  libcanberra-gtk-module             libsuitesparse-dev     && rm -rf /var/lib/apt/lists/*     && apt-get clean
#16 CACHED

#17 [stage-0  3/24] RUN cd && apt-get update -y &&     git clone https://github.com/Brac24/installLibrealsense.git &&     cd installLibrealsense && ./buildLibrealsense.sh
#17 CACHED

#18 [stage-0  8/24] RUN git clone https://github.com/stevenlovegrove/Pangolin /tmp/pangolin &&     cd /tmp/pangolin &&     mkdir build &&     cd build &&     cmake ../ &&     make -j$(nproc) &&     make install
#18 CACHED

#19 [stage-0 10/24] RUN git clone -b 4.2a8 https://github.com/borglab/gtsam /tmp/gtsam &&     cd /tmp/gtsam &&     mkdir build &&     cd build &&     cmake -DGTSAM_BUILD_WITH_MARCH_NATIVE=OFF -DGTSAM_WITH_TBB=OFF -DGTSAM_USE_SYSTEM_EIGEN=ON -DCMAKE_CXX_STANDARD_LIBRARIES="-lstdc++fs" .. &&     make -j$(nproc) &&     make install &&     rm -rf /tmp/gtsam
#19 CACHED

#20 [stage-0 18/24] RUN  apt-get update && apt-get install libxaw7-dev libxt-dev -y && cd /opt/ros/foxy && source /opt/ros/foxy/install/setup.bash &&     rosdep install -y         --ignore-src         --from-paths src/slam 	   --rosdistro foxy 	   --skip-keys "rtabmap find_object_2d Pangolin libopencv-dev libopencv-contrib-dev libopencv-imgproc-dev python-opencv python3-opencv librealsense2" &&      rm -rf /var/lib/apt/lists/* &&      apt-get clean
#20 CACHED

#21 [stage-0  2/24] RUN locale-gen en_US en_US.UTF-8 && update-locale LC_ALL=en_US.UTF-8 LANG=en_US.UTF-8
#21 CACHED

#22 [stage-0  4/24] RUN cd && rm -r librealsense
#22 CACHED

#23 [stage-0 15/24] COPY --from=nvcr.io/nvidia/l4t-cuda:10.2.460-runtime /usr/local/cuda-10.2/ /usr/local/cuda-10.2/
#23 CACHED

#24 [stage-0 19/24] RUN apt remove libpcl-* --purge -y && git clone -b pcl-1.10.0 https://github.com/PointCloudLibrary/pcl.git pcl-1.10.0 &&     mkdir -p pcl-1.10.0/build && cd pcl-1.10.0/build && cmake -DCMAKE_BUILD_TYPE=Release .. && make -j16 install
#24 CACHED

#25 [internal] load build context
#25 transferring context: 74B done
#25 DONE 0.0s

#26 [stage-0 20/24] RUN cd /opt/ros/foxy && source /opt/ros/foxy/install/setup.bash && colcon build     --packages-skip libg2o cartographer_ros cartographer cartographer_ros_msgs libnabo libpointmatcher turtlebot3_cartographer     --merge-install --base-paths src/slam      --cmake-args -DFORCE_RSUSB_BACKEND=false -DBUILD_WITH_CUDA=true -DBUILD_EXAMPLES=false -DCMAKE_BUILD_TYPE=release     --event-handlers console_direct+ &&     rm -rf /opt/ros/foxy/src &&     rm -rf /opt/ros/foxy/logs &&     rm -rf /opt/ros/foxy/build &&     rm /opt/ros/foxy/*.rosinstall
#26 8.761 Starting >>> laser_geometry
#26 8.843 Starting >>> nav2_common
#26 8.950 Starting >>> map_msgs
#26 9.048 Starting >>> angles
#26 9.147 Starting >>> libcurl_vendor
#26 9.246 Starting >>> rviz_assimp_vendor
#26 9.345 Starting >>> rviz_ogre_vendor
#26 9.444 Starting >>> interactive_markers
#26 9.530 Starting >>> python_qt_binding
#26 9.635 Starting >>> tango_icons_vendor
#26 9.729 Starting >>> nav_2d_msgs
#26 9.836 Starting >>> pcl_msgs
#26 9.934 Starting >>> octomap
#26 10.03 Starting >>> rtabmap_msgs
#26 10.14 Starting >>> behaviortree_cpp_v3
#26 10.25 Starting >>> octomap_msgs
#26 10.35 Starting >>> ompl
#26 10.45 Starting >>> diagnostic_updater
#26 10.54 Starting >>> turtlebot3_msgs
#26 10.65 Starting >>> dynamixel_sdk
#26 10.77 Starting >>> velodyne_msgs
#26 10.88 Starting >>> hls_lfcd_lds_driver
#26 10.97 Starting >>> turtlebot3_description
#26 11.09 Starting >>> librealsense2
#26 11.81 -- Found ament_cmake_core: 0.9.11 (/opt/ros/foxy/install/share/ament_cmake_core/cmake)
#26 12.11 -- Found PythonInterp: /usr/bin/python3 (found suitable version "3.6.9", minimum required is "3") 
#26 12.11 -- Using PYTHON_EXECUTABLE: /usr/bin/python3
#26 12.59 -- The C compiler identification is GNU 7.5.0
#26 12.61 -- The C compiler identification is GNU 7.5.0
#26 12.61 -- The C compiler identification is GNU 7.5.0
#26 12.61 -- The C compiler identification is GNU 7.5.0
#26 12.68 -- The C compiler identification is GNU 7.5.0
#26 12.71 -- The C compiler identification is GNU 7.5.0
#26 12.76 -- The C compiler identification is GNU 7.5.0
#26 12.79 -- The C compiler identification is GNU 7.5.0
#26 12.81 -- The C compiler identification is GNU 7.5.0
#26 12.86 -- The C compiler identification is GNU 7.5.0
#26 12.87 -- The C compiler identification is GNU 7.5.0
#26 12.87 -- The C compiler identification is GNU 7.5.0
#26 12.90 -- The C compiler identification is GNU 7.5.0
#26 12.91 -- The C compiler identification is GNU 7.5.0
#26 12.92 -- The C compiler identification is GNU 7.5.0
#26 12.94 -- The C compiler identification is GNU 7.5.0
#26 12.99 -- The C compiler identification is GNU 7.5.0
#26 13.00 -- The C compiler identification is GNU 7.5.0
#26 13.06 -- The C compiler identification is GNU 7.5.0
#26 13.06 -- The C compiler identification is GNU 7.5.0
#26 13.09 -- The CXX compiler identification is GNU 7.5.0
#26 13.10 -- The C compiler identification is GNU 7.5.0
#26 13.25 -- Detecting CXX compiler ABI info
#26 13.30 -- The CXX compiler identification is GNU 7.5.0
#26 13.56 -- The CXX compiler identification is GNU 7.5.0
#26 13.57 -- The CXX compiler identification is GNU 7.5.0
#26 13.58 -- The CXX compiler identification is GNU 7.5.0
#26 13.61 -- The CXX compiler identification is GNU 7.5.0
#26 13.68 -- The CXX compiler identification is GNU 7.5.0
#26 13.70 -- The CXX compiler identification is GNU 7.5.0
#26 13.72 -- Detecting C compiler ABI info
#26 13.72 -- Detecting C compiler ABI info
#26 13.72 -- Detecting C compiler ABI info
#26 13.75 -- Detecting C compiler ABI info
#26 13.75 -- The CXX compiler identification is GNU 7.5.0
#26 13.77 -- The CXX compiler identification is GNU 7.5.0
#26 13.77 -- The CXX compiler identification is GNU 7.5.0
#26 13.81 -- The CXX compiler identification is GNU 7.5.0
#26 13.83 -- The CXX compiler identification is GNU 7.5.0
#26 13.83 -- Detecting C compiler ABI info
#26 13.84 -- Detecting C compiler ABI info
#26 13.84 -- The CXX compiler identification is GNU 7.5.0
#26 13.86 -- The CXX compiler identification is GNU 7.5.0
#26 13.88 -- The CXX compiler identification is GNU 7.5.0
#26 13.89 -- Detecting C compiler ABI info
#26 13.92 -- Detecting C compiler ABI info
#26 13.92 -- The CXX compiler identification is GNU 7.5.0
#26 13.93 -- Detecting C compiler ABI info
#26 13.95 -- The CXX compiler identification is GNU 7.5.0
#26 13.95 -- Detecting C compiler ABI info
#26 13.95 -- The CXX compiler identification is GNU 7.5.0
#26 13.98 -- Detecting C compiler ABI info
#26 13.98 -- Detecting C compiler ABI info
#26 14.01 -- The CXX compiler identification is GNU 7.5.0
#26 14.01 -- The CXX compiler identification is GNU 7.5.0
#26 14.01 -- Detecting C compiler ABI info
#26 14.04 -- Detecting C compiler ABI info
#26 14.08 -- The CXX compiler identification is GNU 7.5.0
#26 14.09 -- Detecting C compiler ABI info
#26 14.09 -- Detecting C compiler ABI info
#26 14.10 -- Detecting C compiler ABI info
#26 14.10 -- The CXX compiler identification is GNU 7.5.0
#26 14.15 -- Detecting C compiler ABI info
#26 14.18 -- Detecting C compiler ABI info
#26 14.19 -- The C compiler identification is GNU 7.5.0
#26 14.22 -- Detecting C compiler ABI info
#26 14.22 -- Found ament_cmake_python: 0.9.11 (/opt/ros/foxy/install/share/ament_cmake_python/cmake)
#26 14.24 -- Detecting C compiler ABI info
#26 14.33 -- Detecting CXX compiler ABI info
#26 14.89 -- Detecting CXX compiler ABI info - done
#26 15.02 -- Check for working CXX compiler: /usr/bin/c++ - skipped
#26 15.02 -- Detecting CXX compile features
#26 15.03 -- Detecting CXX compile features - done
#26 15.04 -- Build type: release
#26 15.18 -- Detecting C compiler ABI info - done
#26 15.20 -- Detecting C compiler ABI info - done
#26 15.21 -- Detecting C compiler ABI info - done
#26 15.27 -- Detecting C compiler ABI info - done
#26 15.32 -- Check for working C compiler: /usr/bin/cc - skipped
#26 15.32 -- Detecting C compile features
#26 15.32 -- Detecting C compiler ABI info - done
#26 15.32 -- Detecting C compile features - done
#26 15.33 -- Check for working C compiler: /usr/bin/cc - skipped
#26 15.33 -- Detecting C compile features
#26 15.33 -- Detecting C compile features - done
#26 15.34 -- Check for working C compiler: /usr/bin/cc - skipped
#26 15.34 -- Detecting C compile features
#26 15.35 -- Detecting C compile features - done
#26 15.35 -- Detecting CXX compiler ABI info
#26 15.37 -- Detecting CXX compiler ABI info
#26 15.37 -- Detecting C compiler ABI info - done
#26 15.38 -- Detecting CXX compiler ABI info
#26 15.39 -- Detecting C compiler ABI info - done
#26 15.39 -- Detecting C compiler ABI info - done
#26 15.40 -- Check for working C compiler: /usr/bin/cc - skipped
#26 15.40 -- Detecting C compile features
#26 15.41 -- Detecting C compile features - done
#26 15.44 -- Detecting C compiler ABI info - done
#26 15.44 -- Detecting CXX compiler ABI info
#26 15.46 -- Check for working C compiler: /usr/bin/cc - skipped
#26 15.46 -- Detecting C compile features
#26 15.47 -- Detecting C compile features - done
#26 15.47 -- Detecting C compiler ABI info - done
#26 15.50 -- Detecting CXX compiler ABI info
#26 15.50 -- Detecting C compiler ABI info - done
#26 15.51 -- Detecting C compiler ABI info - done
#26 15.51 -- Check for working C compiler: /usr/bin/cc - skipped
#26 15.51 -- Detecting C compile features
#26 15.51 -- Detecting C compile features - done
#26 15.52 -- Check for working C compiler: /usr/bin/cc - skipped
#26 15.52 -- Check for working C compiler: /usr/bin/cc - skipped
#26 15.52 -- Detecting C compile features
#26 15.52 -- Detecting C compile features
#26 15.52 -- Detecting C compile features - done
#26 15.53 -- Detecting C compile features - done
#26 15.54 -- Detecting CXX compiler ABI info
#26 15.56 -- Detecting CXX compiler ABI info
#26 15.56 -- Detecting C compiler ABI info - done
#26 15.56 -- Detecting CXX compiler ABI info
#26 15.57 -- Check for working C compiler: /usr/bin/cc - skipped
#26 15.57 -- Detecting C compile features
#26 15.58 -- Detecting C compile features - done
#26 15.60 -- Check for working C compiler: /usr/bin/cc - skipped
#26 15.60 -- Detecting C compile features
#26 15.61 -- Configuring done (4.0s)
#26 15.61 -- Detecting C compile features - done
#26 15.61 -- Detecting CXX compiler ABI info
#26 15.62 -- Detecting C compiler ABI info - done
#26 15.62 -- Detecting C compiler ABI info - done
#26 15.62 -- Check for working C compiler: /usr/bin/cc - skipped
#26 15.63 -- Detecting C compile features
#26 15.63 -- Detecting C compiler ABI info - done
#26 15.63 -- Detecting C compile features - done
#26 15.63 -- Check for working C compiler: /usr/bin/cc - skipped
#26 15.63 -- Detecting C compile features
#26 15.64 -- Detecting CXX compiler ABI info
#26 15.64 -- Detecting C compiler ABI info - done
#26 15.64 -- Detecting C compile features - done
#26 15.66 -- Detecting CXX compiler ABI info
#26 15.67 -- Detecting CXX compiler ABI info
#26 15.68 -- Generating done (0.0s)
#26 15.69 CMake Warning:
#26 15.69   Manually-specified variables were not used by the project:
#26 15.69 
#26 15.69     BUILD_EXAMPLES
#26 15.69     BUILD_WITH_CUDA
#26 15.69     FORCE_RSUSB_BACKEND
#26 15.69 
#26 15.69 
#26 15.70 -- Build files have been written to: /opt/ros/foxy/build/nav2_common
#26 15.71 -- Check for working C compiler: /usr/bin/cc - skipped
#26 15.71 -- Detecting C compile features
#26 15.71 -- Detecting C compile features - done
#26 15.74 -- Detecting C compiler ABI info - done
#26 15.78 -- Check for working C compiler: /usr/bin/cc - skipped
#26 15.78 -- Detecting C compile features
#26 15.78 -- Detecting C compile features - done
#26 15.78 -- Detecting C compiler ABI info - done
#26 15.78 -- Detecting CXX compiler ABI info
#26 15.78 -- Check for working C compiler: /usr/bin/cc - skipped
#26 15.78 -- Detecting C compile features
#26 15.78 -- Detecting C compile features - done
#26 15.78 -- Detecting C compiler ABI info - done
#26 15.79 -- Detecting C compiler ABI info - done
#26 15.79 -- Check for working C compiler: /usr/bin/cc - skipped
#26 15.79 -- Detecting C compile features
#26 15.79 -- Check for working C compiler: /usr/bin/cc - skipped
#26 15.79 -- Detecting C compile features
#26 15.79 -- Detecting C compile features - done
#26 15.79 -- Detecting C compile features - done
#26 15.79 -- Detecting CXX compiler ABI info
#26 15.79 -- Detecting CXX compiler ABI info
#26 15.80 -- Detecting CXX compiler ABI info
#26 15.82 -- Detecting CXX compiler ABI info
#26 15.86 -- Check for working C compiler: /usr/bin/cc - skipped
#26 15.86 -- Detecting C compile features
#26 15.86 -- Check for working C compiler: /usr/bin/cc - skipped
#26 15.87 -- Detecting C compile features
#26 15.87 -- Detecting C compile features - done
#26 15.87 -- Detecting C compile features - done
#26 15.87 -- Check for working C compiler: /usr/bin/cc - skipped
#26 15.88 -- Detecting C compile features
#26 15.88 -- Detecting C compile features - done
#26 15.90 -- Detecting CXX compiler ABI info
#26 15.90 -- Check for working C compiler: /usr/bin/cc - skipped
#26 15.90 -- Detecting C compile features
#26 15.90 -- Detecting CXX compiler ABI info
#26 15.90 -- Detecting C compile features - done
#26 15.92 -- Detecting CXX compiler ABI info
#26 15.93 -- Detecting CXX compiler ABI info
#26 15.98 -- Detecting CXX compiler ABI info - done
#26 16.13 -- Check for working CXX compiler: /usr/bin/c++ - skipped
#26 16.13 -- Detecting CXX compile features
#26 16.14 -- Detecting CXX compile features - done
#26 16.17 -- Detecting C compiler ABI info
#26 CANCELED
ERROR: failed to solve: Canceled: context canceled
